03/24/2018 05:57:23 PM DEBUG Signing request <PreparedRequest [GET]> using client <Client nonce=None, signature_method=HMAC-SHA1, realm=None, encoding=utf-8, timestamp=None, resource_owner_secret=None, decoding=utf-8, verifier=None, signature_type=AUTH_HEADER, rsa_key=None, resource_owner_key=, client_secret=****, callback_uri=None, client_key=Qlc7blKjb9sacKRjFOHZpwAhqdGsPxVgfDQ1Tg8TfBrW8dSUXB>
03/24/2018 05:57:23 PM DEBUG Including body in call to sign: False
03/24/2018 05:57:23 PM DEBUG Collected params: [(u'oauth_version', u'1.0'), (u'oauth_consumer_key', u'Qlc7blKjb9sacKRjFOHZpwAhqdGsPxVgfDQ1Tg8TfBrW8dSUXB'), (u'oauth_signature_method', u'HMAC-SHA1'), (u'oauth_nonce', u'146702036785840170331521894443'), (u'oauth_timestamp', u'1521894443')]
03/24/2018 05:57:23 PM DEBUG Normalized params: oauth_consumer_key=Qlc7blKjb9sacKRjFOHZpwAhqdGsPxVgfDQ1Tg8TfBrW8dSUXB&oauth_nonce=146702036785840170331521894443&oauth_signature_method=HMAC-SHA1&oauth_timestamp=1521894443&oauth_version=1.0
03/24/2018 05:57:23 PM DEBUG Normalized URI: https://api.tumblr.com/v2/user/info
03/24/2018 05:57:23 PM DEBUG Signing: signature base string: GET&https%3A%2F%2Fapi.tumblr.com%2Fv2%2Fuser%2Finfo&oauth_consumer_key%3DQlc7blKjb9sacKRjFOHZpwAhqdGsPxVgfDQ1Tg8TfBrW8dSUXB%26oauth_nonce%3D146702036785840170331521894443%26oauth_signature_method%3DHMAC-SHA1%26oauth_timestamp%3D1521894443%26oauth_version%3D1.0
03/24/2018 05:57:23 PM DEBUG Signature: zPF6ksOzziMTvRVDQ2w4h/K8Ts4=
03/24/2018 05:57:23 PM DEBUG Encoding URI, headers and body to utf-8.
03/24/2018 05:57:23 PM DEBUG Updated url: https://api.tumblr.com/v2/user/info
03/24/2018 05:57:23 PM DEBUG Updated headers: {'Accept': '*/*', 'Connection': 'keep-alive', 'Accept-Encoding': 'gzip, deflate', 'Authorization': 'OAuth oauth_nonce="146702036785840170331521894443", oauth_timestamp="1521894443", oauth_version="1.0", oauth_signature_method="HMAC-SHA1", oauth_consumer_key="Qlc7blKjb9sacKRjFOHZpwAhqdGsPxVgfDQ1Tg8TfBrW8dSUXB", oauth_signature="zPF6ksOzziMTvRVDQ2w4h%2FK8Ts4%3D"', 'User-Agent': 'pytumblr/0.0.7'}
03/24/2018 05:57:23 PM DEBUG Updated body: None
03/24/2018 05:57:23 PM DEBUG Starting new HTTPS connection (1): api.tumblr.com
03/24/2018 05:57:24 PM DEBUG https://api.tumblr.com:443 "GET /v2/user/info HTTP/1.1" 401 None
03/24/2018 05:57:24 PM DEBUG Signing request <PreparedRequest [GET]> using client <Client nonce=None, signature_method=HMAC-SHA1, realm=None, encoding=utf-8, timestamp=None, resource_owner_secret=None, decoding=utf-8, verifier=None, signature_type=AUTH_HEADER, rsa_key=None, resource_owner_key=, client_secret=****, callback_uri=None, client_key=Qlc7blKjb9sacKRjFOHZpwAhqdGsPxVgfDQ1Tg8TfBrW8dSUXB>
03/24/2018 05:57:24 PM DEBUG Including body in call to sign: False
03/24/2018 05:57:24 PM DEBUG Collected params: [(u'oauth_version', u'1.0'), (u'oauth_consumer_key', u'Qlc7blKjb9sacKRjFOHZpwAhqdGsPxVgfDQ1Tg8TfBrW8dSUXB'), (u'oauth_signature_method', u'HMAC-SHA1'), (u'oauth_nonce', u'101519161379281948901521894444'), (u'oauth_timestamp', u'1521894444')]
03/24/2018 05:57:24 PM DEBUG Normalized params: oauth_consumer_key=Qlc7blKjb9sacKRjFOHZpwAhqdGsPxVgfDQ1Tg8TfBrW8dSUXB&oauth_nonce=101519161379281948901521894444&oauth_signature_method=HMAC-SHA1&oauth_timestamp=1521894444&oauth_version=1.0
03/24/2018 05:57:24 PM DEBUG Normalized URI: https://api.tumblr.com/v2/user/following
03/24/2018 05:57:24 PM DEBUG Signing: signature base string: GET&https%3A%2F%2Fapi.tumblr.com%2Fv2%2Fuser%2Ffollowing&oauth_consumer_key%3DQlc7blKjb9sacKRjFOHZpwAhqdGsPxVgfDQ1Tg8TfBrW8dSUXB%26oauth_nonce%3D101519161379281948901521894444%26oauth_signature_method%3DHMAC-SHA1%26oauth_timestamp%3D1521894444%26oauth_version%3D1.0
03/24/2018 05:57:24 PM DEBUG Signature: tqyzUfqBl5qVhixMWQEBnlZGdAY=
03/24/2018 05:57:24 PM DEBUG Encoding URI, headers and body to utf-8.
03/24/2018 05:57:24 PM DEBUG Updated url: https://api.tumblr.com/v2/user/following
03/24/2018 05:57:24 PM DEBUG Updated headers: {'Accept': '*/*', 'Connection': 'keep-alive', 'Accept-Encoding': 'gzip, deflate', 'Authorization': 'OAuth oauth_nonce="101519161379281948901521894444", oauth_timestamp="1521894444", oauth_version="1.0", oauth_signature_method="HMAC-SHA1", oauth_consumer_key="Qlc7blKjb9sacKRjFOHZpwAhqdGsPxVgfDQ1Tg8TfBrW8dSUXB", oauth_signature="tqyzUfqBl5qVhixMWQEBnlZGdAY%3D"', 'User-Agent': 'pytumblr/0.0.7'}
03/24/2018 05:57:24 PM DEBUG Updated body: None
03/24/2018 05:57:24 PM DEBUG Starting new HTTPS connection (1): api.tumblr.com
03/24/2018 05:57:26 PM DEBUG https://api.tumblr.com:443 "GET /v2/user/following HTTP/1.1" 401 None
03/24/2018 05:57:26 PM DEBUG Signing request <PreparedRequest [GET]> using client <Client nonce=None, signature_method=HMAC-SHA1, realm=None, encoding=utf-8, timestamp=None, resource_owner_secret=None, decoding=utf-8, verifier=None, signature_type=AUTH_HEADER, rsa_key=None, resource_owner_key=, client_secret=****, callback_uri=None, client_key=Qlc7blKjb9sacKRjFOHZpwAhqdGsPxVgfDQ1Tg8TfBrW8dSUXB>
03/24/2018 05:57:26 PM DEBUG Including body in call to sign: False
03/24/2018 05:57:26 PM DEBUG Collected params: [(u'api_key', u'Qlc7blKjb9sacKRjFOHZpwAhqdGsPxVgfDQ1Tg8TfBrW8dSUXB'), (u'limit', u'2'), (u'oauth_version', u'1.0'), (u'oauth_consumer_key', u'Qlc7blKjb9sacKRjFOHZpwAhqdGsPxVgfDQ1Tg8TfBrW8dSUXB'), (u'oauth_signature_method', u'HMAC-SHA1'), (u'oauth_nonce', u'2894122680576347011521894446'), (u'oauth_timestamp', u'1521894446')]
03/24/2018 05:57:26 PM DEBUG Normalized params: api_key=Qlc7blKjb9sacKRjFOHZpwAhqdGsPxVgfDQ1Tg8TfBrW8dSUXB&limit=2&oauth_consumer_key=Qlc7blKjb9sacKRjFOHZpwAhqdGsPxVgfDQ1Tg8TfBrW8dSUXB&oauth_nonce=2894122680576347011521894446&oauth_signature_method=HMAC-SHA1&oauth_timestamp=1521894446&oauth_version=1.0
03/24/2018 05:57:26 PM DEBUG Normalized URI: https://api.tumblr.com/v2/blog/sabyaasachi.tumblr.com/posts
03/24/2018 05:57:26 PM DEBUG Signing: signature base string: GET&https%3A%2F%2Fapi.tumblr.com%2Fv2%2Fblog%2Fsabyaasachi.tumblr.com%2Fposts&api_key%3DQlc7blKjb9sacKRjFOHZpwAhqdGsPxVgfDQ1Tg8TfBrW8dSUXB%26limit%3D2%26oauth_consumer_key%3DQlc7blKjb9sacKRjFOHZpwAhqdGsPxVgfDQ1Tg8TfBrW8dSUXB%26oauth_nonce%3D2894122680576347011521894446%26oauth_signature_method%3DHMAC-SHA1%26oauth_timestamp%3D1521894446%26oauth_version%3D1.0
03/24/2018 05:57:26 PM DEBUG Signature: QyTxFHCUSKTwHOJ1DDdGAiS0NZk=
03/24/2018 05:57:26 PM DEBUG Encoding URI, headers and body to utf-8.
03/24/2018 05:57:26 PM DEBUG Updated url: https://api.tumblr.com/v2/blog/sabyaasachi.tumblr.com/posts?api_key=Qlc7blKjb9sacKRjFOHZpwAhqdGsPxVgfDQ1Tg8TfBrW8dSUXB&limit=2
03/24/2018 05:57:26 PM DEBUG Updated headers: {'Accept': '*/*', 'Connection': 'keep-alive', 'Accept-Encoding': 'gzip, deflate', 'Authorization': 'OAuth oauth_nonce="2894122680576347011521894446", oauth_timestamp="1521894446", oauth_version="1.0", oauth_signature_method="HMAC-SHA1", oauth_consumer_key="Qlc7blKjb9sacKRjFOHZpwAhqdGsPxVgfDQ1Tg8TfBrW8dSUXB", oauth_signature="QyTxFHCUSKTwHOJ1DDdGAiS0NZk%3D"', 'User-Agent': 'pytumblr/0.0.7'}
03/24/2018 05:57:26 PM DEBUG Updated body: None
03/24/2018 05:57:26 PM DEBUG Starting new HTTPS connection (1): api.tumblr.com
03/24/2018 05:57:27 PM DEBUG https://api.tumblr.com:443 "GET /v2/blog/sabyaasachi.tumblr.com/posts?api_key=Qlc7blKjb9sacKRjFOHZpwAhqdGsPxVgfDQ1Tg8TfBrW8dSUXB&limit=2 HTTP/1.1" 200 None
03/24/2018 05:57:55 PM DEBUG Signing request <PreparedRequest [GET]> using client <Client nonce=None, signature_method=HMAC-SHA1, realm=None, encoding=utf-8, timestamp=None, resource_owner_secret=None, decoding=utf-8, verifier=None, signature_type=AUTH_HEADER, rsa_key=None, resource_owner_key=, client_secret=****, callback_uri=None, client_key=Qlc7blKjb9sacKRjFOHZpwAhqdGsPxVgfDQ1Tg8TfBrW8dSUXB>
03/24/2018 05:57:55 PM DEBUG Including body in call to sign: False
03/24/2018 05:57:55 PM DEBUG Collected params: [(u'oauth_version', u'1.0'), (u'oauth_consumer_key', u'Qlc7blKjb9sacKRjFOHZpwAhqdGsPxVgfDQ1Tg8TfBrW8dSUXB'), (u'oauth_signature_method', u'HMAC-SHA1'), (u'oauth_nonce', u'57353098296144477411521894475'), (u'oauth_timestamp', u'1521894475')]
03/24/2018 05:57:55 PM DEBUG Normalized params: oauth_consumer_key=Qlc7blKjb9sacKRjFOHZpwAhqdGsPxVgfDQ1Tg8TfBrW8dSUXB&oauth_nonce=57353098296144477411521894475&oauth_signature_method=HMAC-SHA1&oauth_timestamp=1521894475&oauth_version=1.0
03/24/2018 05:57:55 PM DEBUG Normalized URI: https://api.tumblr.com/v2/user/info
03/24/2018 05:57:55 PM DEBUG Signing: signature base string: GET&https%3A%2F%2Fapi.tumblr.com%2Fv2%2Fuser%2Finfo&oauth_consumer_key%3DQlc7blKjb9sacKRjFOHZpwAhqdGsPxVgfDQ1Tg8TfBrW8dSUXB%26oauth_nonce%3D57353098296144477411521894475%26oauth_signature_method%3DHMAC-SHA1%26oauth_timestamp%3D1521894475%26oauth_version%3D1.0
03/24/2018 05:57:55 PM DEBUG Signature: 5WOZShRwVLHQE1QS7G8qcFm3RpY=
03/24/2018 05:57:55 PM DEBUG Encoding URI, headers and body to utf-8.
03/24/2018 05:57:55 PM DEBUG Updated url: https://api.tumblr.com/v2/user/info
03/24/2018 05:57:55 PM DEBUG Updated headers: {'Accept': '*/*', 'Connection': 'keep-alive', 'Accept-Encoding': 'gzip, deflate', 'Authorization': 'OAuth oauth_nonce="57353098296144477411521894475", oauth_timestamp="1521894475", oauth_version="1.0", oauth_signature_method="HMAC-SHA1", oauth_consumer_key="Qlc7blKjb9sacKRjFOHZpwAhqdGsPxVgfDQ1Tg8TfBrW8dSUXB", oauth_signature="5WOZShRwVLHQE1QS7G8qcFm3RpY%3D"', 'User-Agent': 'pytumblr/0.0.7'}
03/24/2018 05:57:55 PM DEBUG Updated body: None
03/24/2018 05:57:55 PM DEBUG Starting new HTTPS connection (1): api.tumblr.com
03/24/2018 05:57:56 PM DEBUG https://api.tumblr.com:443 "GET /v2/user/info HTTP/1.1" 401 None
03/24/2018 05:57:56 PM DEBUG Signing request <PreparedRequest [GET]> using client <Client nonce=None, signature_method=HMAC-SHA1, realm=None, encoding=utf-8, timestamp=None, resource_owner_secret=None, decoding=utf-8, verifier=None, signature_type=AUTH_HEADER, rsa_key=None, resource_owner_key=, client_secret=****, callback_uri=None, client_key=Qlc7blKjb9sacKRjFOHZpwAhqdGsPxVgfDQ1Tg8TfBrW8dSUXB>
03/24/2018 05:57:56 PM DEBUG Including body in call to sign: False
03/24/2018 05:57:56 PM DEBUG Collected params: [(u'oauth_version', u'1.0'), (u'oauth_consumer_key', u'Qlc7blKjb9sacKRjFOHZpwAhqdGsPxVgfDQ1Tg8TfBrW8dSUXB'), (u'oauth_signature_method', u'HMAC-SHA1'), (u'oauth_nonce', u'36752549277253706361521894476'), (u'oauth_timestamp', u'1521894476')]
03/24/2018 05:57:56 PM DEBUG Normalized params: oauth_consumer_key=Qlc7blKjb9sacKRjFOHZpwAhqdGsPxVgfDQ1Tg8TfBrW8dSUXB&oauth_nonce=36752549277253706361521894476&oauth_signature_method=HMAC-SHA1&oauth_timestamp=1521894476&oauth_version=1.0
03/24/2018 05:57:56 PM DEBUG Normalized URI: https://api.tumblr.com/v2/user/following
03/24/2018 05:57:56 PM DEBUG Signing: signature base string: GET&https%3A%2F%2Fapi.tumblr.com%2Fv2%2Fuser%2Ffollowing&oauth_consumer_key%3DQlc7blKjb9sacKRjFOHZpwAhqdGsPxVgfDQ1Tg8TfBrW8dSUXB%26oauth_nonce%3D36752549277253706361521894476%26oauth_signature_method%3DHMAC-SHA1%26oauth_timestamp%3D1521894476%26oauth_version%3D1.0
03/24/2018 05:57:56 PM DEBUG Signature: ZwC2gLBENbln/ZaQ/3EhSQr5Akw=
03/24/2018 05:57:56 PM DEBUG Encoding URI, headers and body to utf-8.
03/24/2018 05:57:56 PM DEBUG Updated url: https://api.tumblr.com/v2/user/following
03/24/2018 05:57:56 PM DEBUG Updated headers: {'Accept': '*/*', 'Connection': 'keep-alive', 'Accept-Encoding': 'gzip, deflate', 'Authorization': 'OAuth oauth_nonce="36752549277253706361521894476", oauth_timestamp="1521894476", oauth_version="1.0", oauth_signature_method="HMAC-SHA1", oauth_consumer_key="Qlc7blKjb9sacKRjFOHZpwAhqdGsPxVgfDQ1Tg8TfBrW8dSUXB", oauth_signature="ZwC2gLBENbln%2FZaQ%2F3EhSQr5Akw%3D"', 'User-Agent': 'pytumblr/0.0.7'}
03/24/2018 05:57:56 PM DEBUG Updated body: None
03/24/2018 05:57:56 PM DEBUG Starting new HTTPS connection (1): api.tumblr.com
03/24/2018 05:57:58 PM DEBUG https://api.tumblr.com:443 "GET /v2/user/following HTTP/1.1" 401 None
03/24/2018 05:57:58 PM DEBUG Signing request <PreparedRequest [GET]> using client <Client nonce=None, signature_method=HMAC-SHA1, realm=None, encoding=utf-8, timestamp=None, resource_owner_secret=None, decoding=utf-8, verifier=None, signature_type=AUTH_HEADER, rsa_key=None, resource_owner_key=, client_secret=****, callback_uri=None, client_key=Qlc7blKjb9sacKRjFOHZpwAhqdGsPxVgfDQ1Tg8TfBrW8dSUXB>
03/24/2018 05:57:58 PM DEBUG Including body in call to sign: False
03/24/2018 05:57:58 PM DEBUG Collected params: [(u'api_key', u'Qlc7blKjb9sacKRjFOHZpwAhqdGsPxVgfDQ1Tg8TfBrW8dSUXB'), (u'limit', u'2'), (u'oauth_version', u'1.0'), (u'oauth_consumer_key', u'Qlc7blKjb9sacKRjFOHZpwAhqdGsPxVgfDQ1Tg8TfBrW8dSUXB'), (u'oauth_signature_method', u'HMAC-SHA1'), (u'oauth_nonce', u'37337651324235411461521894478'), (u'oauth_timestamp', u'1521894478')]
03/24/2018 05:57:58 PM DEBUG Normalized params: api_key=Qlc7blKjb9sacKRjFOHZpwAhqdGsPxVgfDQ1Tg8TfBrW8dSUXB&limit=2&oauth_consumer_key=Qlc7blKjb9sacKRjFOHZpwAhqdGsPxVgfDQ1Tg8TfBrW8dSUXB&oauth_nonce=37337651324235411461521894478&oauth_signature_method=HMAC-SHA1&oauth_timestamp=1521894478&oauth_version=1.0
03/24/2018 05:57:58 PM DEBUG Normalized URI: https://api.tumblr.com/v2/blog/sabyaasachi.tumblr.com/posts
03/24/2018 05:57:58 PM DEBUG Signing: signature base string: GET&https%3A%2F%2Fapi.tumblr.com%2Fv2%2Fblog%2Fsabyaasachi.tumblr.com%2Fposts&api_key%3DQlc7blKjb9sacKRjFOHZpwAhqdGsPxVgfDQ1Tg8TfBrW8dSUXB%26limit%3D2%26oauth_consumer_key%3DQlc7blKjb9sacKRjFOHZpwAhqdGsPxVgfDQ1Tg8TfBrW8dSUXB%26oauth_nonce%3D37337651324235411461521894478%26oauth_signature_method%3DHMAC-SHA1%26oauth_timestamp%3D1521894478%26oauth_version%3D1.0
03/24/2018 05:57:58 PM DEBUG Signature: oVlIYek3/Ju5iV7fPG3HIRX7ZFo=
03/24/2018 05:57:58 PM DEBUG Encoding URI, headers and body to utf-8.
03/24/2018 05:57:58 PM DEBUG Updated url: https://api.tumblr.com/v2/blog/sabyaasachi.tumblr.com/posts?api_key=Qlc7blKjb9sacKRjFOHZpwAhqdGsPxVgfDQ1Tg8TfBrW8dSUXB&limit=2
03/24/2018 05:57:58 PM DEBUG Updated headers: {'Accept': '*/*', 'Connection': 'keep-alive', 'Accept-Encoding': 'gzip, deflate', 'Authorization': 'OAuth oauth_nonce="37337651324235411461521894478", oauth_timestamp="1521894478", oauth_version="1.0", oauth_signature_method="HMAC-SHA1", oauth_consumer_key="Qlc7blKjb9sacKRjFOHZpwAhqdGsPxVgfDQ1Tg8TfBrW8dSUXB", oauth_signature="oVlIYek3%2FJu5iV7fPG3HIRX7ZFo%3D"', 'User-Agent': 'pytumblr/0.0.7'}
03/24/2018 05:57:58 PM DEBUG Updated body: None
03/24/2018 05:57:58 PM DEBUG Starting new HTTPS connection (1): api.tumblr.com
03/24/2018 05:57:59 PM DEBUG https://api.tumblr.com:443 "GET /v2/blog/sabyaasachi.tumblr.com/posts?api_key=Qlc7blKjb9sacKRjFOHZpwAhqdGsPxVgfDQ1Tg8TfBrW8dSUXB&limit=2 HTTP/1.1" 200 None
03/24/2018 05:57:59 PM DEBUG Signing request <PreparedRequest [GET]> using client <Client nonce=None, signature_method=HMAC-SHA1, realm=None, encoding=utf-8, timestamp=None, resource_owner_secret=None, decoding=utf-8, verifier=None, signature_type=AUTH_HEADER, rsa_key=None, resource_owner_key=, client_secret=****, callback_uri=None, client_key=Qlc7blKjb9sacKRjFOHZpwAhqdGsPxVgfDQ1Tg8TfBrW8dSUXB>
03/24/2018 05:57:59 PM DEBUG Including body in call to sign: False
03/24/2018 05:57:59 PM DEBUG Collected params: [(u'api_key', u'Qlc7blKjb9sacKRjFOHZpwAhqdGsPxVgfDQ1Tg8TfBrW8dSUXB'), (u'limit', u'50'), (u'offset', u'1'), (u'oauth_version', u'1.0'), (u'oauth_consumer_key', u'Qlc7blKjb9sacKRjFOHZpwAhqdGsPxVgfDQ1Tg8TfBrW8dSUXB'), (u'oauth_signature_method', u'HMAC-SHA1'), (u'oauth_nonce', u'106623596257972569421521894479'), (u'oauth_timestamp', u'1521894479')]
03/24/2018 05:57:59 PM DEBUG Normalized params: api_key=Qlc7blKjb9sacKRjFOHZpwAhqdGsPxVgfDQ1Tg8TfBrW8dSUXB&limit=50&oauth_consumer_key=Qlc7blKjb9sacKRjFOHZpwAhqdGsPxVgfDQ1Tg8TfBrW8dSUXB&oauth_nonce=106623596257972569421521894479&oauth_signature_method=HMAC-SHA1&oauth_timestamp=1521894479&oauth_version=1.0&offset=1
03/24/2018 05:57:59 PM DEBUG Normalized URI: https://api.tumblr.com/v2/blog/sabyaasachi.tumblr.com/posts
03/24/2018 05:57:59 PM DEBUG Signing: signature base string: GET&https%3A%2F%2Fapi.tumblr.com%2Fv2%2Fblog%2Fsabyaasachi.tumblr.com%2Fposts&api_key%3DQlc7blKjb9sacKRjFOHZpwAhqdGsPxVgfDQ1Tg8TfBrW8dSUXB%26limit%3D50%26oauth_consumer_key%3DQlc7blKjb9sacKRjFOHZpwAhqdGsPxVgfDQ1Tg8TfBrW8dSUXB%26oauth_nonce%3D106623596257972569421521894479%26oauth_signature_method%3DHMAC-SHA1%26oauth_timestamp%3D1521894479%26oauth_version%3D1.0%26offset%3D1
03/24/2018 05:57:59 PM DEBUG Signature: 0xaI6uyvNJlNySetV6TqqigOR8Y=
03/24/2018 05:57:59 PM DEBUG Encoding URI, headers and body to utf-8.
03/24/2018 05:57:59 PM DEBUG Updated url: https://api.tumblr.com/v2/blog/sabyaasachi.tumblr.com/posts?api_key=Qlc7blKjb9sacKRjFOHZpwAhqdGsPxVgfDQ1Tg8TfBrW8dSUXB&limit=50&offset=1
03/24/2018 05:57:59 PM DEBUG Updated headers: {'Accept': '*/*', 'Connection': 'keep-alive', 'Accept-Encoding': 'gzip, deflate', 'Authorization': 'OAuth oauth_nonce="106623596257972569421521894479", oauth_timestamp="1521894479", oauth_version="1.0", oauth_signature_method="HMAC-SHA1", oauth_consumer_key="Qlc7blKjb9sacKRjFOHZpwAhqdGsPxVgfDQ1Tg8TfBrW8dSUXB", oauth_signature="0xaI6uyvNJlNySetV6TqqigOR8Y%3D"', 'User-Agent': 'pytumblr/0.0.7'}
03/24/2018 05:57:59 PM DEBUG Updated body: None
03/24/2018 05:57:59 PM DEBUG Starting new HTTPS connection (1): api.tumblr.com
03/24/2018 05:58:01 PM DEBUG https://api.tumblr.com:443 "GET /v2/blog/sabyaasachi.tumblr.com/posts?api_key=Qlc7blKjb9sacKRjFOHZpwAhqdGsPxVgfDQ1Tg8TfBrW8dSUXB&limit=50&offset=1 HTTP/1.1" 200 None
03/24/2018 05:58:01 PM DEBUG Signing request <PreparedRequest [GET]> using client <Client nonce=None, signature_method=HMAC-SHA1, realm=None, encoding=utf-8, timestamp=None, resource_owner_secret=None, decoding=utf-8, verifier=None, signature_type=AUTH_HEADER, rsa_key=None, resource_owner_key=, client_secret=****, callback_uri=None, client_key=Qlc7blKjb9sacKRjFOHZpwAhqdGsPxVgfDQ1Tg8TfBrW8dSUXB>
03/24/2018 05:58:01 PM DEBUG Including body in call to sign: False
03/24/2018 05:58:01 PM DEBUG Collected params: [(u'api_key', u'Qlc7blKjb9sacKRjFOHZpwAhqdGsPxVgfDQ1Tg8TfBrW8dSUXB'), (u'limit', u'50'), (u'offset', u'51'), (u'oauth_version', u'1.0'), (u'oauth_consumer_key', u'Qlc7blKjb9sacKRjFOHZpwAhqdGsPxVgfDQ1Tg8TfBrW8dSUXB'), (u'oauth_signature_method', u'HMAC-SHA1'), (u'oauth_nonce', u'44030588903865437141521894481'), (u'oauth_timestamp', u'1521894481')]
03/24/2018 05:58:01 PM DEBUG Normalized params: api_key=Qlc7blKjb9sacKRjFOHZpwAhqdGsPxVgfDQ1Tg8TfBrW8dSUXB&limit=50&oauth_consumer_key=Qlc7blKjb9sacKRjFOHZpwAhqdGsPxVgfDQ1Tg8TfBrW8dSUXB&oauth_nonce=44030588903865437141521894481&oauth_signature_method=HMAC-SHA1&oauth_timestamp=1521894481&oauth_version=1.0&offset=51
03/24/2018 05:58:01 PM DEBUG Normalized URI: https://api.tumblr.com/v2/blog/sabyaasachi.tumblr.com/posts
03/24/2018 05:58:01 PM DEBUG Signing: signature base string: GET&https%3A%2F%2Fapi.tumblr.com%2Fv2%2Fblog%2Fsabyaasachi.tumblr.com%2Fposts&api_key%3DQlc7blKjb9sacKRjFOHZpwAhqdGsPxVgfDQ1Tg8TfBrW8dSUXB%26limit%3D50%26oauth_consumer_key%3DQlc7blKjb9sacKRjFOHZpwAhqdGsPxVgfDQ1Tg8TfBrW8dSUXB%26oauth_nonce%3D44030588903865437141521894481%26oauth_signature_method%3DHMAC-SHA1%26oauth_timestamp%3D1521894481%26oauth_version%3D1.0%26offset%3D51
03/24/2018 05:58:01 PM DEBUG Signature: SX0iKfNgLagmN6wNZYm6cciPEhc=
03/24/2018 05:58:01 PM DEBUG Encoding URI, headers and body to utf-8.
03/24/2018 05:58:01 PM DEBUG Updated url: https://api.tumblr.com/v2/blog/sabyaasachi.tumblr.com/posts?api_key=Qlc7blKjb9sacKRjFOHZpwAhqdGsPxVgfDQ1Tg8TfBrW8dSUXB&limit=50&offset=51
03/24/2018 05:58:01 PM DEBUG Updated headers: {'Accept': '*/*', 'Connection': 'keep-alive', 'Accept-Encoding': 'gzip, deflate', 'Authorization': 'OAuth oauth_nonce="44030588903865437141521894481", oauth_timestamp="1521894481", oauth_version="1.0", oauth_signature_method="HMAC-SHA1", oauth_consumer_key="Qlc7blKjb9sacKRjFOHZpwAhqdGsPxVgfDQ1Tg8TfBrW8dSUXB", oauth_signature="SX0iKfNgLagmN6wNZYm6cciPEhc%3D"', 'User-Agent': 'pytumblr/0.0.7'}
03/24/2018 05:58:01 PM DEBUG Updated body: None
03/24/2018 05:58:01 PM DEBUG Starting new HTTPS connection (1): api.tumblr.com
03/24/2018 05:58:03 PM DEBUG https://api.tumblr.com:443 "GET /v2/blog/sabyaasachi.tumblr.com/posts?api_key=Qlc7blKjb9sacKRjFOHZpwAhqdGsPxVgfDQ1Tg8TfBrW8dSUXB&limit=50&offset=51 HTTP/1.1" 200 None
03/24/2018 05:58:03 PM DEBUG Signing request <PreparedRequest [GET]> using client <Client nonce=None, signature_method=HMAC-SHA1, realm=None, encoding=utf-8, timestamp=None, resource_owner_secret=None, decoding=utf-8, verifier=None, signature_type=AUTH_HEADER, rsa_key=None, resource_owner_key=, client_secret=****, callback_uri=None, client_key=Qlc7blKjb9sacKRjFOHZpwAhqdGsPxVgfDQ1Tg8TfBrW8dSUXB>
03/24/2018 05:58:03 PM DEBUG Including body in call to sign: False
03/24/2018 05:58:03 PM DEBUG Collected params: [(u'api_key', u'Qlc7blKjb9sacKRjFOHZpwAhqdGsPxVgfDQ1Tg8TfBrW8dSUXB'), (u'limit', u'50'), (u'offset', u'101'), (u'oauth_version', u'1.0'), (u'oauth_consumer_key', u'Qlc7blKjb9sacKRjFOHZpwAhqdGsPxVgfDQ1Tg8TfBrW8dSUXB'), (u'oauth_signature_method', u'HMAC-SHA1'), (u'oauth_nonce', u'22659878221593085871521894483'), (u'oauth_timestamp', u'1521894483')]
03/24/2018 05:58:03 PM DEBUG Normalized params: api_key=Qlc7blKjb9sacKRjFOHZpwAhqdGsPxVgfDQ1Tg8TfBrW8dSUXB&limit=50&oauth_consumer_key=Qlc7blKjb9sacKRjFOHZpwAhqdGsPxVgfDQ1Tg8TfBrW8dSUXB&oauth_nonce=22659878221593085871521894483&oauth_signature_method=HMAC-SHA1&oauth_timestamp=1521894483&oauth_version=1.0&offset=101
03/24/2018 05:58:03 PM DEBUG Normalized URI: https://api.tumblr.com/v2/blog/sabyaasachi.tumblr.com/posts
03/24/2018 05:58:03 PM DEBUG Signing: signature base string: GET&https%3A%2F%2Fapi.tumblr.com%2Fv2%2Fblog%2Fsabyaasachi.tumblr.com%2Fposts&api_key%3DQlc7blKjb9sacKRjFOHZpwAhqdGsPxVgfDQ1Tg8TfBrW8dSUXB%26limit%3D50%26oauth_consumer_key%3DQlc7blKjb9sacKRjFOHZpwAhqdGsPxVgfDQ1Tg8TfBrW8dSUXB%26oauth_nonce%3D22659878221593085871521894483%26oauth_signature_method%3DHMAC-SHA1%26oauth_timestamp%3D1521894483%26oauth_version%3D1.0%26offset%3D101
03/24/2018 05:58:03 PM DEBUG Signature: 2MegTQ+JfIqlSlSsbGjNvUvw+so=
03/24/2018 05:58:03 PM DEBUG Encoding URI, headers and body to utf-8.
03/24/2018 05:58:03 PM DEBUG Updated url: https://api.tumblr.com/v2/blog/sabyaasachi.tumblr.com/posts?api_key=Qlc7blKjb9sacKRjFOHZpwAhqdGsPxVgfDQ1Tg8TfBrW8dSUXB&limit=50&offset=101
03/24/2018 05:58:03 PM DEBUG Updated headers: {'Accept': '*/*', 'Connection': 'keep-alive', 'Accept-Encoding': 'gzip, deflate', 'Authorization': 'OAuth oauth_nonce="22659878221593085871521894483", oauth_timestamp="1521894483", oauth_version="1.0", oauth_signature_method="HMAC-SHA1", oauth_consumer_key="Qlc7blKjb9sacKRjFOHZpwAhqdGsPxVgfDQ1Tg8TfBrW8dSUXB", oauth_signature="2MegTQ%2BJfIqlSlSsbGjNvUvw%2Bso%3D"', 'User-Agent': 'pytumblr/0.0.7'}
03/24/2018 05:58:03 PM DEBUG Updated body: None
03/24/2018 05:58:03 PM DEBUG Starting new HTTPS connection (1): api.tumblr.com
03/24/2018 05:58:05 PM DEBUG https://api.tumblr.com:443 "GET /v2/blog/sabyaasachi.tumblr.com/posts?api_key=Qlc7blKjb9sacKRjFOHZpwAhqdGsPxVgfDQ1Tg8TfBrW8dSUXB&limit=50&offset=101 HTTP/1.1" 200 None
03/24/2018 05:58:05 PM DEBUG Signing request <PreparedRequest [GET]> using client <Client nonce=None, signature_method=HMAC-SHA1, realm=None, encoding=utf-8, timestamp=None, resource_owner_secret=None, decoding=utf-8, verifier=None, signature_type=AUTH_HEADER, rsa_key=None, resource_owner_key=, client_secret=****, callback_uri=None, client_key=Qlc7blKjb9sacKRjFOHZpwAhqdGsPxVgfDQ1Tg8TfBrW8dSUXB>
03/24/2018 05:58:05 PM DEBUG Including body in call to sign: False
03/24/2018 05:58:05 PM DEBUG Collected params: [(u'api_key', u'Qlc7blKjb9sacKRjFOHZpwAhqdGsPxVgfDQ1Tg8TfBrW8dSUXB'), (u'limit', u'50'), (u'offset', u'151'), (u'oauth_version', u'1.0'), (u'oauth_consumer_key', u'Qlc7blKjb9sacKRjFOHZpwAhqdGsPxVgfDQ1Tg8TfBrW8dSUXB'), (u'oauth_signature_method', u'HMAC-SHA1'), (u'oauth_nonce', u'57348394190493643761521894485'), (u'oauth_timestamp', u'1521894485')]
03/24/2018 05:58:05 PM DEBUG Normalized params: api_key=Qlc7blKjb9sacKRjFOHZpwAhqdGsPxVgfDQ1Tg8TfBrW8dSUXB&limit=50&oauth_consumer_key=Qlc7blKjb9sacKRjFOHZpwAhqdGsPxVgfDQ1Tg8TfBrW8dSUXB&oauth_nonce=57348394190493643761521894485&oauth_signature_method=HMAC-SHA1&oauth_timestamp=1521894485&oauth_version=1.0&offset=151
03/24/2018 05:58:05 PM DEBUG Normalized URI: https://api.tumblr.com/v2/blog/sabyaasachi.tumblr.com/posts
03/24/2018 05:58:05 PM DEBUG Signing: signature base string: GET&https%3A%2F%2Fapi.tumblr.com%2Fv2%2Fblog%2Fsabyaasachi.tumblr.com%2Fposts&api_key%3DQlc7blKjb9sacKRjFOHZpwAhqdGsPxVgfDQ1Tg8TfBrW8dSUXB%26limit%3D50%26oauth_consumer_key%3DQlc7blKjb9sacKRjFOHZpwAhqdGsPxVgfDQ1Tg8TfBrW8dSUXB%26oauth_nonce%3D57348394190493643761521894485%26oauth_signature_method%3DHMAC-SHA1%26oauth_timestamp%3D1521894485%26oauth_version%3D1.0%26offset%3D151
03/24/2018 05:58:05 PM DEBUG Signature: xOg8HwU5matTktMtAREslCzFLmo=
03/24/2018 05:58:05 PM DEBUG Encoding URI, headers and body to utf-8.
03/24/2018 05:58:05 PM DEBUG Updated url: https://api.tumblr.com/v2/blog/sabyaasachi.tumblr.com/posts?api_key=Qlc7blKjb9sacKRjFOHZpwAhqdGsPxVgfDQ1Tg8TfBrW8dSUXB&limit=50&offset=151
03/24/2018 05:58:05 PM DEBUG Updated headers: {'Accept': '*/*', 'Connection': 'keep-alive', 'Accept-Encoding': 'gzip, deflate', 'Authorization': 'OAuth oauth_nonce="57348394190493643761521894485", oauth_timestamp="1521894485", oauth_version="1.0", oauth_signature_method="HMAC-SHA1", oauth_consumer_key="Qlc7blKjb9sacKRjFOHZpwAhqdGsPxVgfDQ1Tg8TfBrW8dSUXB", oauth_signature="xOg8HwU5matTktMtAREslCzFLmo%3D"', 'User-Agent': 'pytumblr/0.0.7'}
03/24/2018 05:58:05 PM DEBUG Updated body: None
03/24/2018 05:58:05 PM DEBUG Starting new HTTPS connection (1): api.tumblr.com
03/24/2018 05:58:07 PM DEBUG https://api.tumblr.com:443 "GET /v2/blog/sabyaasachi.tumblr.com/posts?api_key=Qlc7blKjb9sacKRjFOHZpwAhqdGsPxVgfDQ1Tg8TfBrW8dSUXB&limit=50&offset=151 HTTP/1.1" 200 None
03/24/2018 05:58:07 PM DEBUG Signing request <PreparedRequest [GET]> using client <Client nonce=None, signature_method=HMAC-SHA1, realm=None, encoding=utf-8, timestamp=None, resource_owner_secret=None, decoding=utf-8, verifier=None, signature_type=AUTH_HEADER, rsa_key=None, resource_owner_key=, client_secret=****, callback_uri=None, client_key=Qlc7blKjb9sacKRjFOHZpwAhqdGsPxVgfDQ1Tg8TfBrW8dSUXB>
03/24/2018 05:58:07 PM DEBUG Including body in call to sign: False
03/24/2018 05:58:07 PM DEBUG Collected params: [(u'api_key', u'Qlc7blKjb9sacKRjFOHZpwAhqdGsPxVgfDQ1Tg8TfBrW8dSUXB'), (u'limit', u'50'), (u'offset', u'201'), (u'oauth_version', u'1.0'), (u'oauth_consumer_key', u'Qlc7blKjb9sacKRjFOHZpwAhqdGsPxVgfDQ1Tg8TfBrW8dSUXB'), (u'oauth_signature_method', u'HMAC-SHA1'), (u'oauth_nonce', u'3356193004076776681521894487'), (u'oauth_timestamp', u'1521894487')]
03/24/2018 05:58:07 PM DEBUG Normalized params: api_key=Qlc7blKjb9sacKRjFOHZpwAhqdGsPxVgfDQ1Tg8TfBrW8dSUXB&limit=50&oauth_consumer_key=Qlc7blKjb9sacKRjFOHZpwAhqdGsPxVgfDQ1Tg8TfBrW8dSUXB&oauth_nonce=3356193004076776681521894487&oauth_signature_method=HMAC-SHA1&oauth_timestamp=1521894487&oauth_version=1.0&offset=201
03/24/2018 05:58:07 PM DEBUG Normalized URI: https://api.tumblr.com/v2/blog/sabyaasachi.tumblr.com/posts
03/24/2018 05:58:07 PM DEBUG Signing: signature base string: GET&https%3A%2F%2Fapi.tumblr.com%2Fv2%2Fblog%2Fsabyaasachi.tumblr.com%2Fposts&api_key%3DQlc7blKjb9sacKRjFOHZpwAhqdGsPxVgfDQ1Tg8TfBrW8dSUXB%26limit%3D50%26oauth_consumer_key%3DQlc7blKjb9sacKRjFOHZpwAhqdGsPxVgfDQ1Tg8TfBrW8dSUXB%26oauth_nonce%3D3356193004076776681521894487%26oauth_signature_method%3DHMAC-SHA1%26oauth_timestamp%3D1521894487%26oauth_version%3D1.0%26offset%3D201
03/24/2018 05:58:07 PM DEBUG Signature: U3OYQmMzM3FXrHs+3yCbRwYK0ek=
03/24/2018 05:58:07 PM DEBUG Encoding URI, headers and body to utf-8.
03/24/2018 05:58:07 PM DEBUG Updated url: https://api.tumblr.com/v2/blog/sabyaasachi.tumblr.com/posts?api_key=Qlc7blKjb9sacKRjFOHZpwAhqdGsPxVgfDQ1Tg8TfBrW8dSUXB&limit=50&offset=201
03/24/2018 05:58:07 PM DEBUG Updated headers: {'Accept': '*/*', 'Connection': 'keep-alive', 'Accept-Encoding': 'gzip, deflate', 'Authorization': 'OAuth oauth_nonce="3356193004076776681521894487", oauth_timestamp="1521894487", oauth_version="1.0", oauth_signature_method="HMAC-SHA1", oauth_consumer_key="Qlc7blKjb9sacKRjFOHZpwAhqdGsPxVgfDQ1Tg8TfBrW8dSUXB", oauth_signature="U3OYQmMzM3FXrHs%2B3yCbRwYK0ek%3D"', 'User-Agent': 'pytumblr/0.0.7'}
03/24/2018 05:58:07 PM DEBUG Updated body: None
03/24/2018 05:58:07 PM DEBUG Starting new HTTPS connection (1): api.tumblr.com
03/24/2018 05:58:09 PM DEBUG https://api.tumblr.com:443 "GET /v2/blog/sabyaasachi.tumblr.com/posts?api_key=Qlc7blKjb9sacKRjFOHZpwAhqdGsPxVgfDQ1Tg8TfBrW8dSUXB&limit=50&offset=201 HTTP/1.1" 200 None
03/24/2018 05:58:40 PM DEBUG Signing request <PreparedRequest [GET]> using client <Client nonce=None, signature_method=HMAC-SHA1, realm=None, encoding=utf-8, timestamp=None, resource_owner_secret=None, decoding=utf-8, verifier=None, signature_type=AUTH_HEADER, rsa_key=None, resource_owner_key=, client_secret=****, callback_uri=None, client_key=Qlc7blKjb9sacKRjFOHZpwAhqdGsPxVgfDQ1Tg8TfBrW8dSUXB>
03/24/2018 05:58:40 PM DEBUG Including body in call to sign: False
03/24/2018 05:58:40 PM DEBUG Collected params: [(u'oauth_version', u'1.0'), (u'oauth_consumer_key', u'Qlc7blKjb9sacKRjFOHZpwAhqdGsPxVgfDQ1Tg8TfBrW8dSUXB'), (u'oauth_signature_method', u'HMAC-SHA1'), (u'oauth_nonce', u'139472233911989870961521894520'), (u'oauth_timestamp', u'1521894520')]
03/24/2018 05:58:40 PM DEBUG Normalized params: oauth_consumer_key=Qlc7blKjb9sacKRjFOHZpwAhqdGsPxVgfDQ1Tg8TfBrW8dSUXB&oauth_nonce=139472233911989870961521894520&oauth_signature_method=HMAC-SHA1&oauth_timestamp=1521894520&oauth_version=1.0
03/24/2018 05:58:40 PM DEBUG Normalized URI: https://api.tumblr.com/v2/user/info
03/24/2018 05:58:40 PM DEBUG Signing: signature base string: GET&https%3A%2F%2Fapi.tumblr.com%2Fv2%2Fuser%2Finfo&oauth_consumer_key%3DQlc7blKjb9sacKRjFOHZpwAhqdGsPxVgfDQ1Tg8TfBrW8dSUXB%26oauth_nonce%3D139472233911989870961521894520%26oauth_signature_method%3DHMAC-SHA1%26oauth_timestamp%3D1521894520%26oauth_version%3D1.0
03/24/2018 05:58:40 PM DEBUG Signature: ti7DfQdmELa1YhTP9ukZKTVMHJc=
03/24/2018 05:58:40 PM DEBUG Encoding URI, headers and body to utf-8.
03/24/2018 05:58:40 PM DEBUG Updated url: https://api.tumblr.com/v2/user/info
03/24/2018 05:58:40 PM DEBUG Updated headers: {'Accept': '*/*', 'Connection': 'keep-alive', 'Accept-Encoding': 'gzip, deflate', 'Authorization': 'OAuth oauth_nonce="139472233911989870961521894520", oauth_timestamp="1521894520", oauth_version="1.0", oauth_signature_method="HMAC-SHA1", oauth_consumer_key="Qlc7blKjb9sacKRjFOHZpwAhqdGsPxVgfDQ1Tg8TfBrW8dSUXB", oauth_signature="ti7DfQdmELa1YhTP9ukZKTVMHJc%3D"', 'User-Agent': 'pytumblr/0.0.7'}
03/24/2018 05:58:40 PM DEBUG Updated body: None
03/24/2018 05:58:40 PM DEBUG Starting new HTTPS connection (1): api.tumblr.com
03/24/2018 05:58:41 PM DEBUG https://api.tumblr.com:443 "GET /v2/user/info HTTP/1.1" 401 None
03/24/2018 05:58:41 PM DEBUG Signing request <PreparedRequest [GET]> using client <Client nonce=None, signature_method=HMAC-SHA1, realm=None, encoding=utf-8, timestamp=None, resource_owner_secret=None, decoding=utf-8, verifier=None, signature_type=AUTH_HEADER, rsa_key=None, resource_owner_key=, client_secret=****, callback_uri=None, client_key=Qlc7blKjb9sacKRjFOHZpwAhqdGsPxVgfDQ1Tg8TfBrW8dSUXB>
03/24/2018 05:58:41 PM DEBUG Including body in call to sign: False
03/24/2018 05:58:41 PM DEBUG Collected params: [(u'oauth_version', u'1.0'), (u'oauth_consumer_key', u'Qlc7blKjb9sacKRjFOHZpwAhqdGsPxVgfDQ1Tg8TfBrW8dSUXB'), (u'oauth_signature_method', u'HMAC-SHA1'), (u'oauth_nonce', u'91618895177481143951521894521'), (u'oauth_timestamp', u'1521894521')]
03/24/2018 05:58:41 PM DEBUG Normalized params: oauth_consumer_key=Qlc7blKjb9sacKRjFOHZpwAhqdGsPxVgfDQ1Tg8TfBrW8dSUXB&oauth_nonce=91618895177481143951521894521&oauth_signature_method=HMAC-SHA1&oauth_timestamp=1521894521&oauth_version=1.0
03/24/2018 05:58:41 PM DEBUG Normalized URI: https://api.tumblr.com/v2/user/following
03/24/2018 05:58:41 PM DEBUG Signing: signature base string: GET&https%3A%2F%2Fapi.tumblr.com%2Fv2%2Fuser%2Ffollowing&oauth_consumer_key%3DQlc7blKjb9sacKRjFOHZpwAhqdGsPxVgfDQ1Tg8TfBrW8dSUXB%26oauth_nonce%3D91618895177481143951521894521%26oauth_signature_method%3DHMAC-SHA1%26oauth_timestamp%3D1521894521%26oauth_version%3D1.0
03/24/2018 05:58:41 PM DEBUG Signature: 6YgdwUxQr7JgbGGz30qIZCm6J7Q=
03/24/2018 05:58:41 PM DEBUG Encoding URI, headers and body to utf-8.
03/24/2018 05:58:41 PM DEBUG Updated url: https://api.tumblr.com/v2/user/following
03/24/2018 05:58:41 PM DEBUG Updated headers: {'Accept': '*/*', 'Connection': 'keep-alive', 'Accept-Encoding': 'gzip, deflate', 'Authorization': 'OAuth oauth_nonce="91618895177481143951521894521", oauth_timestamp="1521894521", oauth_version="1.0", oauth_signature_method="HMAC-SHA1", oauth_consumer_key="Qlc7blKjb9sacKRjFOHZpwAhqdGsPxVgfDQ1Tg8TfBrW8dSUXB", oauth_signature="6YgdwUxQr7JgbGGz30qIZCm6J7Q%3D"', 'User-Agent': 'pytumblr/0.0.7'}
03/24/2018 05:58:41 PM DEBUG Updated body: None
03/24/2018 05:58:41 PM DEBUG Starting new HTTPS connection (1): api.tumblr.com
03/24/2018 05:58:43 PM DEBUG https://api.tumblr.com:443 "GET /v2/user/following HTTP/1.1" 401 None
03/24/2018 05:58:43 PM DEBUG Signing request <PreparedRequest [GET]> using client <Client nonce=None, signature_method=HMAC-SHA1, realm=None, encoding=utf-8, timestamp=None, resource_owner_secret=None, decoding=utf-8, verifier=None, signature_type=AUTH_HEADER, rsa_key=None, resource_owner_key=, client_secret=****, callback_uri=None, client_key=Qlc7blKjb9sacKRjFOHZpwAhqdGsPxVgfDQ1Tg8TfBrW8dSUXB>
03/24/2018 05:58:43 PM DEBUG Including body in call to sign: False
03/24/2018 05:58:43 PM DEBUG Collected params: [(u'api_key', u'Qlc7blKjb9sacKRjFOHZpwAhqdGsPxVgfDQ1Tg8TfBrW8dSUXB'), (u'limit', u'2'), (u'oauth_version', u'1.0'), (u'oauth_consumer_key', u'Qlc7blKjb9sacKRjFOHZpwAhqdGsPxVgfDQ1Tg8TfBrW8dSUXB'), (u'oauth_signature_method', u'HMAC-SHA1'), (u'oauth_nonce', u'95419612657387225251521894523'), (u'oauth_timestamp', u'1521894523')]
03/24/2018 05:58:43 PM DEBUG Normalized params: api_key=Qlc7blKjb9sacKRjFOHZpwAhqdGsPxVgfDQ1Tg8TfBrW8dSUXB&limit=2&oauth_consumer_key=Qlc7blKjb9sacKRjFOHZpwAhqdGsPxVgfDQ1Tg8TfBrW8dSUXB&oauth_nonce=95419612657387225251521894523&oauth_signature_method=HMAC-SHA1&oauth_timestamp=1521894523&oauth_version=1.0
03/24/2018 05:58:43 PM DEBUG Normalized URI: https://api.tumblr.com/v2/blog/sabyaasachi.tumblr.com/posts
03/24/2018 05:58:43 PM DEBUG Signing: signature base string: GET&https%3A%2F%2Fapi.tumblr.com%2Fv2%2Fblog%2Fsabyaasachi.tumblr.com%2Fposts&api_key%3DQlc7blKjb9sacKRjFOHZpwAhqdGsPxVgfDQ1Tg8TfBrW8dSUXB%26limit%3D2%26oauth_consumer_key%3DQlc7blKjb9sacKRjFOHZpwAhqdGsPxVgfDQ1Tg8TfBrW8dSUXB%26oauth_nonce%3D95419612657387225251521894523%26oauth_signature_method%3DHMAC-SHA1%26oauth_timestamp%3D1521894523%26oauth_version%3D1.0
03/24/2018 05:58:43 PM DEBUG Signature: xdN87o9zPjjQ+iFC7qDmOX19h1k=
03/24/2018 05:58:43 PM DEBUG Encoding URI, headers and body to utf-8.
03/24/2018 05:58:43 PM DEBUG Updated url: https://api.tumblr.com/v2/blog/sabyaasachi.tumblr.com/posts?api_key=Qlc7blKjb9sacKRjFOHZpwAhqdGsPxVgfDQ1Tg8TfBrW8dSUXB&limit=2
03/24/2018 05:58:43 PM DEBUG Updated headers: {'Accept': '*/*', 'Connection': 'keep-alive', 'Accept-Encoding': 'gzip, deflate', 'Authorization': 'OAuth oauth_nonce="95419612657387225251521894523", oauth_timestamp="1521894523", oauth_version="1.0", oauth_signature_method="HMAC-SHA1", oauth_consumer_key="Qlc7blKjb9sacKRjFOHZpwAhqdGsPxVgfDQ1Tg8TfBrW8dSUXB", oauth_signature="xdN87o9zPjjQ%2BiFC7qDmOX19h1k%3D"', 'User-Agent': 'pytumblr/0.0.7'}
03/24/2018 05:58:43 PM DEBUG Updated body: None
03/24/2018 05:58:43 PM DEBUG Starting new HTTPS connection (1): api.tumblr.com
03/24/2018 05:58:44 PM DEBUG https://api.tumblr.com:443 "GET /v2/blog/sabyaasachi.tumblr.com/posts?api_key=Qlc7blKjb9sacKRjFOHZpwAhqdGsPxVgfDQ1Tg8TfBrW8dSUXB&limit=2 HTTP/1.1" 200 None
03/24/2018 05:58:45 PM DEBUG Signing request <PreparedRequest [GET]> using client <Client nonce=None, signature_method=HMAC-SHA1, realm=None, encoding=utf-8, timestamp=None, resource_owner_secret=None, decoding=utf-8, verifier=None, signature_type=AUTH_HEADER, rsa_key=None, resource_owner_key=, client_secret=****, callback_uri=None, client_key=Qlc7blKjb9sacKRjFOHZpwAhqdGsPxVgfDQ1Tg8TfBrW8dSUXB>
03/24/2018 05:58:45 PM DEBUG Including body in call to sign: False
03/24/2018 05:58:45 PM DEBUG Collected params: [(u'api_key', u'Qlc7blKjb9sacKRjFOHZpwAhqdGsPxVgfDQ1Tg8TfBrW8dSUXB'), (u'limit', u'50'), (u'offset', u'1'), (u'oauth_version', u'1.0'), (u'oauth_consumer_key', u'Qlc7blKjb9sacKRjFOHZpwAhqdGsPxVgfDQ1Tg8TfBrW8dSUXB'), (u'oauth_signature_method', u'HMAC-SHA1'), (u'oauth_nonce', u'165804540251238937031521894525'), (u'oauth_timestamp', u'1521894525')]
03/24/2018 05:58:45 PM DEBUG Normalized params: api_key=Qlc7blKjb9sacKRjFOHZpwAhqdGsPxVgfDQ1Tg8TfBrW8dSUXB&limit=50&oauth_consumer_key=Qlc7blKjb9sacKRjFOHZpwAhqdGsPxVgfDQ1Tg8TfBrW8dSUXB&oauth_nonce=165804540251238937031521894525&oauth_signature_method=HMAC-SHA1&oauth_timestamp=1521894525&oauth_version=1.0&offset=1
03/24/2018 05:58:45 PM DEBUG Normalized URI: https://api.tumblr.com/v2/blog/sabyaasachi.tumblr.com/posts
03/24/2018 05:58:45 PM DEBUG Signing: signature base string: GET&https%3A%2F%2Fapi.tumblr.com%2Fv2%2Fblog%2Fsabyaasachi.tumblr.com%2Fposts&api_key%3DQlc7blKjb9sacKRjFOHZpwAhqdGsPxVgfDQ1Tg8TfBrW8dSUXB%26limit%3D50%26oauth_consumer_key%3DQlc7blKjb9sacKRjFOHZpwAhqdGsPxVgfDQ1Tg8TfBrW8dSUXB%26oauth_nonce%3D165804540251238937031521894525%26oauth_signature_method%3DHMAC-SHA1%26oauth_timestamp%3D1521894525%26oauth_version%3D1.0%26offset%3D1
03/24/2018 05:58:45 PM DEBUG Signature: Xd5TbWw854fm6WeEFgQSoXHIljM=
03/24/2018 05:58:45 PM DEBUG Encoding URI, headers and body to utf-8.
03/24/2018 05:58:45 PM DEBUG Updated url: https://api.tumblr.com/v2/blog/sabyaasachi.tumblr.com/posts?api_key=Qlc7blKjb9sacKRjFOHZpwAhqdGsPxVgfDQ1Tg8TfBrW8dSUXB&limit=50&offset=1
03/24/2018 05:58:45 PM DEBUG Updated headers: {'Accept': '*/*', 'Connection': 'keep-alive', 'Accept-Encoding': 'gzip, deflate', 'Authorization': 'OAuth oauth_nonce="165804540251238937031521894525", oauth_timestamp="1521894525", oauth_version="1.0", oauth_signature_method="HMAC-SHA1", oauth_consumer_key="Qlc7blKjb9sacKRjFOHZpwAhqdGsPxVgfDQ1Tg8TfBrW8dSUXB", oauth_signature="Xd5TbWw854fm6WeEFgQSoXHIljM%3D"', 'User-Agent': 'pytumblr/0.0.7'}
03/24/2018 05:58:45 PM DEBUG Updated body: None
03/24/2018 05:58:45 PM DEBUG Starting new HTTPS connection (1): api.tumblr.com
03/24/2018 05:58:47 PM DEBUG https://api.tumblr.com:443 "GET /v2/blog/sabyaasachi.tumblr.com/posts?api_key=Qlc7blKjb9sacKRjFOHZpwAhqdGsPxVgfDQ1Tg8TfBrW8dSUXB&limit=50&offset=1 HTTP/1.1" 200 None
03/24/2018 05:58:47 PM DEBUG Signing request <PreparedRequest [GET]> using client <Client nonce=None, signature_method=HMAC-SHA1, realm=None, encoding=utf-8, timestamp=None, resource_owner_secret=None, decoding=utf-8, verifier=None, signature_type=AUTH_HEADER, rsa_key=None, resource_owner_key=, client_secret=****, callback_uri=None, client_key=Qlc7blKjb9sacKRjFOHZpwAhqdGsPxVgfDQ1Tg8TfBrW8dSUXB>
03/24/2018 05:58:47 PM DEBUG Including body in call to sign: False
03/24/2018 05:58:47 PM DEBUG Collected params: [(u'api_key', u'Qlc7blKjb9sacKRjFOHZpwAhqdGsPxVgfDQ1Tg8TfBrW8dSUXB'), (u'limit', u'50'), (u'offset', u'51'), (u'oauth_version', u'1.0'), (u'oauth_consumer_key', u'Qlc7blKjb9sacKRjFOHZpwAhqdGsPxVgfDQ1Tg8TfBrW8dSUXB'), (u'oauth_signature_method', u'HMAC-SHA1'), (u'oauth_nonce', u'103758350138169692411521894527'), (u'oauth_timestamp', u'1521894527')]
03/24/2018 05:58:47 PM DEBUG Normalized params: api_key=Qlc7blKjb9sacKRjFOHZpwAhqdGsPxVgfDQ1Tg8TfBrW8dSUXB&limit=50&oauth_consumer_key=Qlc7blKjb9sacKRjFOHZpwAhqdGsPxVgfDQ1Tg8TfBrW8dSUXB&oauth_nonce=103758350138169692411521894527&oauth_signature_method=HMAC-SHA1&oauth_timestamp=1521894527&oauth_version=1.0&offset=51
03/24/2018 05:58:47 PM DEBUG Normalized URI: https://api.tumblr.com/v2/blog/sabyaasachi.tumblr.com/posts
03/24/2018 05:58:47 PM DEBUG Signing: signature base string: GET&https%3A%2F%2Fapi.tumblr.com%2Fv2%2Fblog%2Fsabyaasachi.tumblr.com%2Fposts&api_key%3DQlc7blKjb9sacKRjFOHZpwAhqdGsPxVgfDQ1Tg8TfBrW8dSUXB%26limit%3D50%26oauth_consumer_key%3DQlc7blKjb9sacKRjFOHZpwAhqdGsPxVgfDQ1Tg8TfBrW8dSUXB%26oauth_nonce%3D103758350138169692411521894527%26oauth_signature_method%3DHMAC-SHA1%26oauth_timestamp%3D1521894527%26oauth_version%3D1.0%26offset%3D51
03/24/2018 05:58:47 PM DEBUG Signature: nHieX5SyQ0tqlKEqwVkcAelxVdM=
03/24/2018 05:58:47 PM DEBUG Encoding URI, headers and body to utf-8.
03/24/2018 05:58:47 PM DEBUG Updated url: https://api.tumblr.com/v2/blog/sabyaasachi.tumblr.com/posts?api_key=Qlc7blKjb9sacKRjFOHZpwAhqdGsPxVgfDQ1Tg8TfBrW8dSUXB&limit=50&offset=51
03/24/2018 05:58:47 PM DEBUG Updated headers: {'Accept': '*/*', 'Connection': 'keep-alive', 'Accept-Encoding': 'gzip, deflate', 'Authorization': 'OAuth oauth_nonce="103758350138169692411521894527", oauth_timestamp="1521894527", oauth_version="1.0", oauth_signature_method="HMAC-SHA1", oauth_consumer_key="Qlc7blKjb9sacKRjFOHZpwAhqdGsPxVgfDQ1Tg8TfBrW8dSUXB", oauth_signature="nHieX5SyQ0tqlKEqwVkcAelxVdM%3D"', 'User-Agent': 'pytumblr/0.0.7'}
03/24/2018 05:58:47 PM DEBUG Updated body: None
03/24/2018 05:58:47 PM DEBUG Starting new HTTPS connection (1): api.tumblr.com
03/24/2018 05:58:49 PM DEBUG https://api.tumblr.com:443 "GET /v2/blog/sabyaasachi.tumblr.com/posts?api_key=Qlc7blKjb9sacKRjFOHZpwAhqdGsPxVgfDQ1Tg8TfBrW8dSUXB&limit=50&offset=51 HTTP/1.1" 200 None
03/24/2018 05:58:50 PM DEBUG Signing request <PreparedRequest [GET]> using client <Client nonce=None, signature_method=HMAC-SHA1, realm=None, encoding=utf-8, timestamp=None, resource_owner_secret=None, decoding=utf-8, verifier=None, signature_type=AUTH_HEADER, rsa_key=None, resource_owner_key=, client_secret=****, callback_uri=None, client_key=Qlc7blKjb9sacKRjFOHZpwAhqdGsPxVgfDQ1Tg8TfBrW8dSUXB>
03/24/2018 05:58:50 PM DEBUG Including body in call to sign: False
03/24/2018 05:58:50 PM DEBUG Collected params: [(u'api_key', u'Qlc7blKjb9sacKRjFOHZpwAhqdGsPxVgfDQ1Tg8TfBrW8dSUXB'), (u'limit', u'50'), (u'offset', u'101'), (u'oauth_version', u'1.0'), (u'oauth_consumer_key', u'Qlc7blKjb9sacKRjFOHZpwAhqdGsPxVgfDQ1Tg8TfBrW8dSUXB'), (u'oauth_signature_method', u'HMAC-SHA1'), (u'oauth_nonce', u'103523938753188743011521894530'), (u'oauth_timestamp', u'1521894530')]
03/24/2018 05:58:50 PM DEBUG Normalized params: api_key=Qlc7blKjb9sacKRjFOHZpwAhqdGsPxVgfDQ1Tg8TfBrW8dSUXB&limit=50&oauth_consumer_key=Qlc7blKjb9sacKRjFOHZpwAhqdGsPxVgfDQ1Tg8TfBrW8dSUXB&oauth_nonce=103523938753188743011521894530&oauth_signature_method=HMAC-SHA1&oauth_timestamp=1521894530&oauth_version=1.0&offset=101
03/24/2018 05:58:50 PM DEBUG Normalized URI: https://api.tumblr.com/v2/blog/sabyaasachi.tumblr.com/posts
03/24/2018 05:58:50 PM DEBUG Signing: signature base string: GET&https%3A%2F%2Fapi.tumblr.com%2Fv2%2Fblog%2Fsabyaasachi.tumblr.com%2Fposts&api_key%3DQlc7blKjb9sacKRjFOHZpwAhqdGsPxVgfDQ1Tg8TfBrW8dSUXB%26limit%3D50%26oauth_consumer_key%3DQlc7blKjb9sacKRjFOHZpwAhqdGsPxVgfDQ1Tg8TfBrW8dSUXB%26oauth_nonce%3D103523938753188743011521894530%26oauth_signature_method%3DHMAC-SHA1%26oauth_timestamp%3D1521894530%26oauth_version%3D1.0%26offset%3D101
03/24/2018 05:58:50 PM DEBUG Signature: v6ZWvtTNDbLa2ljkUTtaatbgMwE=
03/24/2018 05:58:50 PM DEBUG Encoding URI, headers and body to utf-8.
03/24/2018 05:58:50 PM DEBUG Updated url: https://api.tumblr.com/v2/blog/sabyaasachi.tumblr.com/posts?api_key=Qlc7blKjb9sacKRjFOHZpwAhqdGsPxVgfDQ1Tg8TfBrW8dSUXB&limit=50&offset=101
03/24/2018 05:58:50 PM DEBUG Updated headers: {'Accept': '*/*', 'Connection': 'keep-alive', 'Accept-Encoding': 'gzip, deflate', 'Authorization': 'OAuth oauth_nonce="103523938753188743011521894530", oauth_timestamp="1521894530", oauth_version="1.0", oauth_signature_method="HMAC-SHA1", oauth_consumer_key="Qlc7blKjb9sacKRjFOHZpwAhqdGsPxVgfDQ1Tg8TfBrW8dSUXB", oauth_signature="v6ZWvtTNDbLa2ljkUTtaatbgMwE%3D"', 'User-Agent': 'pytumblr/0.0.7'}
03/24/2018 05:58:50 PM DEBUG Updated body: None
03/24/2018 05:58:50 PM DEBUG Starting new HTTPS connection (1): api.tumblr.com
03/24/2018 05:58:51 PM DEBUG https://api.tumblr.com:443 "GET /v2/blog/sabyaasachi.tumblr.com/posts?api_key=Qlc7blKjb9sacKRjFOHZpwAhqdGsPxVgfDQ1Tg8TfBrW8dSUXB&limit=50&offset=101 HTTP/1.1" 200 None
03/24/2018 05:58:52 PM DEBUG Signing request <PreparedRequest [GET]> using client <Client nonce=None, signature_method=HMAC-SHA1, realm=None, encoding=utf-8, timestamp=None, resource_owner_secret=None, decoding=utf-8, verifier=None, signature_type=AUTH_HEADER, rsa_key=None, resource_owner_key=, client_secret=****, callback_uri=None, client_key=Qlc7blKjb9sacKRjFOHZpwAhqdGsPxVgfDQ1Tg8TfBrW8dSUXB>
03/24/2018 05:58:52 PM DEBUG Including body in call to sign: False
03/24/2018 05:58:52 PM DEBUG Collected params: [(u'api_key', u'Qlc7blKjb9sacKRjFOHZpwAhqdGsPxVgfDQ1Tg8TfBrW8dSUXB'), (u'limit', u'50'), (u'offset', u'151'), (u'oauth_version', u'1.0'), (u'oauth_consumer_key', u'Qlc7blKjb9sacKRjFOHZpwAhqdGsPxVgfDQ1Tg8TfBrW8dSUXB'), (u'oauth_signature_method', u'HMAC-SHA1'), (u'oauth_nonce', u'75254196982871947301521894532'), (u'oauth_timestamp', u'1521894532')]
03/24/2018 05:58:52 PM DEBUG Normalized params: api_key=Qlc7blKjb9sacKRjFOHZpwAhqdGsPxVgfDQ1Tg8TfBrW8dSUXB&limit=50&oauth_consumer_key=Qlc7blKjb9sacKRjFOHZpwAhqdGsPxVgfDQ1Tg8TfBrW8dSUXB&oauth_nonce=75254196982871947301521894532&oauth_signature_method=HMAC-SHA1&oauth_timestamp=1521894532&oauth_version=1.0&offset=151
03/24/2018 05:58:52 PM DEBUG Normalized URI: https://api.tumblr.com/v2/blog/sabyaasachi.tumblr.com/posts
03/24/2018 05:58:52 PM DEBUG Signing: signature base string: GET&https%3A%2F%2Fapi.tumblr.com%2Fv2%2Fblog%2Fsabyaasachi.tumblr.com%2Fposts&api_key%3DQlc7blKjb9sacKRjFOHZpwAhqdGsPxVgfDQ1Tg8TfBrW8dSUXB%26limit%3D50%26oauth_consumer_key%3DQlc7blKjb9sacKRjFOHZpwAhqdGsPxVgfDQ1Tg8TfBrW8dSUXB%26oauth_nonce%3D75254196982871947301521894532%26oauth_signature_method%3DHMAC-SHA1%26oauth_timestamp%3D1521894532%26oauth_version%3D1.0%26offset%3D151
03/24/2018 05:58:52 PM DEBUG Signature: 5u9y1I/guzfgTWWO/1ZwmfSH8NQ=
03/24/2018 05:58:52 PM DEBUG Encoding URI, headers and body to utf-8.
03/24/2018 05:58:52 PM DEBUG Updated url: https://api.tumblr.com/v2/blog/sabyaasachi.tumblr.com/posts?api_key=Qlc7blKjb9sacKRjFOHZpwAhqdGsPxVgfDQ1Tg8TfBrW8dSUXB&limit=50&offset=151
03/24/2018 05:58:52 PM DEBUG Updated headers: {'Accept': '*/*', 'Connection': 'keep-alive', 'Accept-Encoding': 'gzip, deflate', 'Authorization': 'OAuth oauth_nonce="75254196982871947301521894532", oauth_timestamp="1521894532", oauth_version="1.0", oauth_signature_method="HMAC-SHA1", oauth_consumer_key="Qlc7blKjb9sacKRjFOHZpwAhqdGsPxVgfDQ1Tg8TfBrW8dSUXB", oauth_signature="5u9y1I%2FguzfgTWWO%2F1ZwmfSH8NQ%3D"', 'User-Agent': 'pytumblr/0.0.7'}
03/24/2018 05:58:52 PM DEBUG Updated body: None
03/24/2018 05:58:52 PM DEBUG Starting new HTTPS connection (1): api.tumblr.com
03/24/2018 05:58:53 PM DEBUG https://api.tumblr.com:443 "GET /v2/blog/sabyaasachi.tumblr.com/posts?api_key=Qlc7blKjb9sacKRjFOHZpwAhqdGsPxVgfDQ1Tg8TfBrW8dSUXB&limit=50&offset=151 HTTP/1.1" 200 None
03/24/2018 05:58:53 PM DEBUG Signing request <PreparedRequest [GET]> using client <Client nonce=None, signature_method=HMAC-SHA1, realm=None, encoding=utf-8, timestamp=None, resource_owner_secret=None, decoding=utf-8, verifier=None, signature_type=AUTH_HEADER, rsa_key=None, resource_owner_key=, client_secret=****, callback_uri=None, client_key=Qlc7blKjb9sacKRjFOHZpwAhqdGsPxVgfDQ1Tg8TfBrW8dSUXB>
03/24/2018 05:58:53 PM DEBUG Including body in call to sign: False
03/24/2018 05:58:53 PM DEBUG Collected params: [(u'api_key', u'Qlc7blKjb9sacKRjFOHZpwAhqdGsPxVgfDQ1Tg8TfBrW8dSUXB'), (u'limit', u'50'), (u'offset', u'201'), (u'oauth_version', u'1.0'), (u'oauth_consumer_key', u'Qlc7blKjb9sacKRjFOHZpwAhqdGsPxVgfDQ1Tg8TfBrW8dSUXB'), (u'oauth_signature_method', u'HMAC-SHA1'), (u'oauth_nonce', u'81113255886553767511521894533'), (u'oauth_timestamp', u'1521894533')]
03/24/2018 05:58:53 PM DEBUG Normalized params: api_key=Qlc7blKjb9sacKRjFOHZpwAhqdGsPxVgfDQ1Tg8TfBrW8dSUXB&limit=50&oauth_consumer_key=Qlc7blKjb9sacKRjFOHZpwAhqdGsPxVgfDQ1Tg8TfBrW8dSUXB&oauth_nonce=81113255886553767511521894533&oauth_signature_method=HMAC-SHA1&oauth_timestamp=1521894533&oauth_version=1.0&offset=201
03/24/2018 05:58:53 PM DEBUG Normalized URI: https://api.tumblr.com/v2/blog/sabyaasachi.tumblr.com/posts
03/24/2018 05:58:53 PM DEBUG Signing: signature base string: GET&https%3A%2F%2Fapi.tumblr.com%2Fv2%2Fblog%2Fsabyaasachi.tumblr.com%2Fposts&api_key%3DQlc7blKjb9sacKRjFOHZpwAhqdGsPxVgfDQ1Tg8TfBrW8dSUXB%26limit%3D50%26oauth_consumer_key%3DQlc7blKjb9sacKRjFOHZpwAhqdGsPxVgfDQ1Tg8TfBrW8dSUXB%26oauth_nonce%3D81113255886553767511521894533%26oauth_signature_method%3DHMAC-SHA1%26oauth_timestamp%3D1521894533%26oauth_version%3D1.0%26offset%3D201
03/24/2018 05:58:53 PM DEBUG Signature: gD/mzcmkcUORE++8dfw40z6cq4k=
03/24/2018 05:58:53 PM DEBUG Encoding URI, headers and body to utf-8.
03/24/2018 05:58:53 PM DEBUG Updated url: https://api.tumblr.com/v2/blog/sabyaasachi.tumblr.com/posts?api_key=Qlc7blKjb9sacKRjFOHZpwAhqdGsPxVgfDQ1Tg8TfBrW8dSUXB&limit=50&offset=201
03/24/2018 05:58:53 PM DEBUG Updated headers: {'Accept': '*/*', 'Connection': 'keep-alive', 'Accept-Encoding': 'gzip, deflate', 'Authorization': 'OAuth oauth_nonce="81113255886553767511521894533", oauth_timestamp="1521894533", oauth_version="1.0", oauth_signature_method="HMAC-SHA1", oauth_consumer_key="Qlc7blKjb9sacKRjFOHZpwAhqdGsPxVgfDQ1Tg8TfBrW8dSUXB", oauth_signature="gD%2FmzcmkcUORE%2B%2B8dfw40z6cq4k%3D"', 'User-Agent': 'pytumblr/0.0.7'}
03/24/2018 05:58:53 PM DEBUG Updated body: None
03/24/2018 05:58:53 PM DEBUG Starting new HTTPS connection (1): api.tumblr.com
03/24/2018 05:58:55 PM DEBUG https://api.tumblr.com:443 "GET /v2/blog/sabyaasachi.tumblr.com/posts?api_key=Qlc7blKjb9sacKRjFOHZpwAhqdGsPxVgfDQ1Tg8TfBrW8dSUXB&limit=50&offset=201 HTTP/1.1" 200 None
